{"D:\\Desktop\\test\\prompt-library\\src\\components\\CategoryChip.tsx": {"path":"D:\\Desktop\\test\\prompt-library\\src\\components\\CategoryChip.tsx","statementMap":{"0":{"start":{"line":18,"column":2},"end":{"line":41,"column":4}}},"fnMap":{"0":{"name":"CategoryChip","decl":{"start":{"line":12,"column":24},"end":{"line":12,"column":36}},"loc":{"start":{"line":17,"column":22},"end":{"line":42,"column":1}},"line":17}},"branchMap":{"0":{"loc":{"start":{"line":22,"column":25},"end":{"line":22,"column":83}},"type":"cond-expr","locations":[{"start":{"line":22,"column":38},"end":{"line":22,"column":59}},{"start":{"line":22,"column":62},"end":{"line":22,"column":83}}],"line":22},"1":{"loc":{"start":{"line":24,"column":21},"end":{"line":24,"column":71}},"type":"cond-expr","locations":[{"start":{"line":24,"column":34},"end":{"line":24,"column":47}},{"start":{"line":24,"column":50},"end":{"line":24,"column":71}}],"line":24},"2":{"loc":{"start":{"line":32,"column":17},"end":{"line":32,"column":56}},"type":"cond-expr","locations":[{"start":{"line":32,"column":30},"end":{"line":32,"column":39}},{"start":{"line":32,"column":42},"end":{"line":32,"column":56}}],"line":32}},"s":{"0":6},"f":{"0":6},"b":{"0":[1,5],"1":[1,5],"2":[1,5]},"_coverageSchema":"1a1c01bbd47fc00a2c39e90264f33305004495a9","hash":"deaf54b24355f996d17b1ac27756cb365f3542de"}
,"D:\\Desktop\\test\\prompt-library\\src\\components\\CategoryGrid.tsx": {"path":"D:\\Desktop\\test\\prompt-library\\src\\components\\CategoryGrid.tsx","statementMap":{"0":{"start":{"line":15,"column":29},"end":{"line":15,"column":39}},"1":{"start":{"line":16,"column":17},"end":{"line":16,"column":58}},"2":{"start":{"line":18,"column":2},"end":{"line":63,"column":4}},"3":{"start":{"line":22,"column":30},"end":{"line":22,"column":37}},"4":{"start":{"line":25,"column":36},"end":{"line":25,"column":67}},"5":{"start":{"line":27,"column":8},"end":{"line":60,"column":27}},"6":{"start":{"line":35,"column":25},"end":{"line":35,"column":38}}},"fnMap":{"0":{"name":"CategoryGrid","decl":{"start":{"line":14,"column":24},"end":{"line":14,"column":36}},"loc":{"start":{"line":14,"column":95},"end":{"line":64,"column":1}},"line":14},"1":{"name":"(anonymous_1)","decl":{"start":{"line":22,"column":20},"end":{"line":22,"column":21}},"loc":{"start":{"line":22,"column":30},"end":{"line":22,"column":37}},"line":22},"2":{"name":"(anonymous_2)","decl":{"start":{"line":25,"column":30},"end":{"line":25,"column":31}},"loc":{"start":{"line":25,"column":36},"end":{"line":25,"column":67}},"line":25},"3":{"name":"(anonymous_3)","decl":{"start":{"line":26,"column":18},"end":{"line":26,"column":19}},"loc":{"start":{"line":27,"column":8},"end":{"line":60,"column":27}},"line":27},"4":{"name":"(anonymous_4)","decl":{"start":{"line":35,"column":19},"end":{"line":35,"column":20}},"loc":{"start":{"line":35,"column":25},"end":{"line":35,"column":38}},"line":35}},"branchMap":{"0":{"loc":{"start":{"line":16,"column":17},"end":{"line":16,"column":58}},"type":"cond-expr","locations":[{"start":{"line":16,"column":26},"end":{"line":16,"column":40}},{"start":{"line":16,"column":43},"end":{"line":16,"column":58}}],"line":16},"1":{"loc":{"start":{"line":58,"column":13},"end":{"line":58,"column":39}},"type":"binary-expr","locations":[{"start":{"line":58,"column":13},"end":{"line":58,"column":34}},{"start":{"line":58,"column":38},"end":{"line":58,"column":39}}],"line":58}},"s":{"0":0,"1":0,"2":0,"3":0,"4":0,"5":0,"6":0},"f":{"0":0,"1":0,"2":0,"3":0,"4":0},"b":{"0":[0,0],"1":[0,0]}}
,"D:\\Desktop\\test\\prompt-library\\src\\components\\EmptyState.tsx": {"path":"D:\\Desktop\\test\\prompt-library\\src\\components\\EmptyState.tsx","statementMap":{"0":{"start":{"line":14,"column":21},"end":{"line":14,"column":31}},"1":{"start":{"line":16,"column":2},"end":{"line":58,"column":4}}},"fnMap":{"0":{"name":"EmptyState","decl":{"start":{"line":13,"column":24},"end":{"line":13,"column":34}},"loc":{"start":{"line":13,"column":95},"end":{"line":59,"column":1}},"line":13}},"branchMap":{"0":{"loc":{"start":{"line":45,"column":7},"end":{"line":56,"column":7}},"type":"binary-expr","locations":[{"start":{"line":45,"column":7},"end":{"line":45,"column":18}},{"start":{"line":45,"column":22},"end":{"line":45,"column":30}},{"start":{"line":46,"column":8},"end":{"line":55,"column":27}}],"line":45}},"s":{"0":7,"1":7},"f":{"0":7},"b":{"0":[7,3,2]},"_coverageSchema":"1a1c01bbd47fc00a2c39e90264f33305004495a9","hash":"b47350e4b320b762b79405dbafc4f5102b2d1002"}
,"D:\\Desktop\\test\\prompt-library\\src\\components\\FAB.tsx": {"path":"D:\\Desktop\\test\\prompt-library\\src\\components\\FAB.tsx","statementMap":{"0":{"start":{"line":12,"column":29},"end":{"line":12,"column":39}},"1":{"start":{"line":13,"column":17},"end":{"line":13,"column":58}},"2":{"start":{"line":15,"column":2},"end":{"line":28,"column":4}}},"fnMap":{"0":{"name":"FAB","decl":{"start":{"line":11,"column":24},"end":{"line":11,"column":27}},"loc":{"start":{"line":11,"column":51},"end":{"line":29,"column":1}},"line":11}},"branchMap":{"0":{"loc":{"start":{"line":13,"column":17},"end":{"line":13,"column":58}},"type":"cond-expr","locations":[{"start":{"line":13,"column":26},"end":{"line":13,"column":40}},{"start":{"line":13,"column":43},"end":{"line":13,"column":58}}],"line":13}},"s":{"0":4,"1":4,"2":4},"f":{"0":4},"b":{"0":[0,4]},"_coverageSchema":"1a1c01bbd47fc00a2c39e90264f33305004495a9","hash":"9711cafcdb015310b48715714c30697e3bf49a04"}
,"D:\\Desktop\\test\\prompt-library\\src\\components\\NewPromptSheet.tsx": {"path":"D:\\Desktop\\test\\prompt-library\\src\\components\\NewPromptSheet.tsx","statementMap":{"0":{"start":{"line":34,"column":29},"end":{"line":34,"column":39}},"1":{"start":{"line":35,"column":28},"end":{"line":35,"column":40}},"2":{"start":{"line":36,"column":32},"end":{"line":36,"column":44}},"3":{"start":{"line":37,"column":38},"end":{"line":37,"column":71}},"4":{"start":{"line":38,"column":34},"end":{"line":38,"column":46}},"5":{"start":{"line":40,"column":2},"end":{"line":52,"column":31}},"6":{"start":{"line":41,"column":4},"end":{"line":51,"column":5}},"7":{"start":{"line":42,"column":6},"end":{"line":42,"column":36}},"8":{"start":{"line":43,"column":6},"end":{"line":43,"column":40}},"9":{"start":{"line":44,"column":6},"end":{"line":44,"column":46}},"10":{"start":{"line":45,"column":6},"end":{"line":45,"column":49}},"11":{"start":{"line":47,"column":6},"end":{"line":47,"column":19}},"12":{"start":{"line":48,"column":6},"end":{"line":48,"column":21}},"13":{"start":{"line":49,"column":6},"end":{"line":49,"column":45}},"14":{"start":{"line":50,"column":6},"end":{"line":50,"column":22}},"15":{"start":{"line":54,"column":20},"end":{"line":59,"column":3}},"16":{"start":{"line":55,"column":4},"end":{"line":58,"column":35}},"17":{"start":{"line":57,"column":18},"end":{"line":57,"column":26}},"18":{"start":{"line":58,"column":21},"end":{"line":58,"column":33}},"19":{"start":{"line":61,"column":21},"end":{"line":72,"column":3}},"20":{"start":{"line":62,"column":4},"end":{"line":62,"column":30}},"21":{"start":{"line":62,"column":23},"end":{"line":62,"column":30}},"22":{"start":{"line":63,"column":4},"end":{"line":68,"column":7}},"23":{"start":{"line":69,"column":4},"end":{"line":69,"column":17}},"24":{"start":{"line":70,"column":4},"end":{"line":70,"column":19}},"25":{"start":{"line":71,"column":4},"end":{"line":71,"column":20}},"26":{"start":{"line":74,"column":23},"end":{"line":84,"column":3}},"27":{"start":{"line":75,"column":4},"end":{"line":75,"column":44}},"28":{"start":{"line":75,"column":37},"end":{"line":75,"column":44}},"29":{"start":{"line":76,"column":4},"end":{"line":83,"column":7}},"30":{"start":{"line":81,"column":23},"end":{"line":81,"column":49}},"31":{"start":{"line":86,"column":2},"end":{"line":238,"column":4}},"32":{"start":{"line":197,"column":16},"end":{"line":219,"column":35}},"33":{"start":{"line":207,"column":33},"end":{"line":207,"column":54}}},"fnMap":{"0":{"name":"NewPromptSheet","decl":{"start":{"line":26,"column":24},"end":{"line":26,"column":38}},"loc":{"start":{"line":33,"column":24},"end":{"line":239,"column":1}},"line":33},"1":{"name":"(anonymous_1)","decl":{"start":{"line":40,"column":12},"end":{"line":40,"column":13}},"loc":{"start":{"line":40,"column":18},"end":{"line":52,"column":3}},"line":40},"2":{"name":"(anonymous_2)","decl":{"start":{"line":54,"column":20},"end":{"line":54,"column":21}},"loc":{"start":{"line":54,"column":48},"end":{"line":59,"column":3}},"line":54},"3":{"name":"(anonymous_3)","decl":{"start":{"line":57,"column":11},"end":{"line":57,"column":12}},"loc":{"start":{"line":57,"column":18},"end":{"line":57,"column":26}},"line":57},"4":{"name":"(anonymous_4)","decl":{"start":{"line":58,"column":14},"end":{"line":58,"column":15}},"loc":{"start":{"line":58,"column":21},"end":{"line":58,"column":33}},"line":58},"5":{"name":"(anonymous_5)","decl":{"start":{"line":61,"column":21},"end":{"line":61,"column":22}},"loc":{"start":{"line":61,"column":27},"end":{"line":72,"column":3}},"line":61},"6":{"name":"(anonymous_6)","decl":{"start":{"line":74,"column":23},"end":{"line":74,"column":24}},"loc":{"start":{"line":74,"column":29},"end":{"line":84,"column":3}},"line":74},"7":{"name":"(anonymous_7)","decl":{"start":{"line":81,"column":17},"end":{"line":81,"column":18}},"loc":{"start":{"line":81,"column":23},"end":{"line":81,"column":49}},"line":81},"8":{"name":"(anonymous_8)","decl":{"start":{"line":196,"column":30},"end":{"line":196,"column":31}},"loc":{"start":{"line":197,"column":16},"end":{"line":219,"column":35}},"line":197},"9":{"name":"(anonymous_9)","decl":{"start":{"line":207,"column":27},"end":{"line":207,"column":28}},"loc":{"start":{"line":207,"column":33},"end":{"line":207,"column":54}},"line":207}},"branchMap":{"0":{"loc":{"start":{"line":37,"column":47},"end":{"line":37,"column":70}},"type":"binary-expr","locations":[{"start":{"line":37,"column":47},"end":{"line":37,"column":64}},{"start":{"line":37,"column":68},"end":{"line":37,"column":70}}],"line":37},"1":{"loc":{"start":{"line":41,"column":4},"end":{"line":51,"column":5}},"type":"if","locations":[{"start":{"line":41,"column":4},"end":{"line":51,"column":5}},{"start":{"line":46,"column":11},"end":{"line":51,"column":5}}],"line":41},"2":{"loc":{"start":{"line":49,"column":20},"end":{"line":49,"column":43}},"type":"binary-expr","locations":[{"start":{"line":49,"column":20},"end":{"line":49,"column":37}},{"start":{"line":49,"column":41},"end":{"line":49,"column":43}}],"line":49},"3":{"loc":{"start":{"line":62,"column":4},"end":{"line":62,"column":30}},"type":"if","locations":[{"start":{"line":62,"column":4},"end":{"line":62,"column":30}},{"start":{},"end":{}}],"line":62},"4":{"loc":{"start":{"line":75,"column":4},"end":{"line":75,"column":44}},"type":"if","locations":[{"start":{"line":75,"column":4},"end":{"line":75,"column":44}},{"start":{},"end":{}}],"line":75},"5":{"loc":{"start":{"line":75,"column":8},"end":{"line":75,"column":35}},"type":"binary-expr","locations":[{"start":{"line":75,"column":8},"end":{"line":75,"column":22}},{"start":{"line":75,"column":26},"end":{"line":75,"column":35}}],"line":75},"6":{"loc":{"start":{"line":89,"column":18},"end":{"line":89,"column":62}},"type":"cond-expr","locations":[{"start":{"line":89,"column":42},"end":{"line":89,"column":51}},{"start":{"line":89,"column":54},"end":{"line":89,"column":62}}],"line":89},"7":{"loc":{"start":{"line":100,"column":29},"end":{"line":100,"column":86}},"type":"cond-expr","locations":[{"start":{"line":100,"column":38},"end":{"line":100,"column":59}},{"start":{"line":100,"column":62},"end":{"line":100,"column":86}}],"line":100},"8":{"loc":{"start":{"line":117,"column":15},"end":{"line":117,"column":48}},"type":"cond-expr","locations":[{"start":{"line":117,"column":31},"end":{"line":117,"column":38}},{"start":{"line":117,"column":41},"end":{"line":117,"column":48}}],"line":117},"9":{"loc":{"start":{"line":131,"column":33},"end":{"line":131,"column":87}},"type":"cond-expr","locations":[{"start":{"line":131,"column":42},"end":{"line":131,"column":66}},{"start":{"line":131,"column":69},"end":{"line":131,"column":87}}],"line":131},"10":{"loc":{"start":{"line":145,"column":33},"end":{"line":145,"column":87}},"type":"cond-expr","locations":[{"start":{"line":145,"column":42},"end":{"line":145,"column":66}},{"start":{"line":145,"column":69},"end":{"line":145,"column":87}}],"line":145},"11":{"loc":{"start":{"line":174,"column":33},"end":{"line":174,"column":87}},"type":"cond-expr","locations":[{"start":{"line":174,"column":42},"end":{"line":174,"column":66}},{"start":{"line":174,"column":69},"end":{"line":174,"column":87}}],"line":174},"12":{"loc":{"start":{"line":202,"column":22},"end":{"line":202,"column":81}},"type":"cond-expr","locations":[{"start":{"line":202,"column":46},"end":{"line":202,"column":62}},{"start":{"line":202,"column":65},"end":{"line":202,"column":81}}],"line":202},"13":{"loc":{"start":{"line":205,"column":22},"end":{"line":205,"column":78}},"type":"cond-expr","locations":[{"start":{"line":205,"column":46},"end":{"line":205,"column":59}},{"start":{"line":205,"column":62},"end":{"line":205,"column":78}}],"line":205},"14":{"loc":{"start":{"line":211,"column":29},"end":{"line":211,"column":74}},"type":"cond-expr","locations":[{"start":{"line":211,"column":53},"end":{"line":211,"column":62}},{"start":{"line":211,"column":65},"end":{"line":211,"column":74}}],"line":211},"15":{"loc":{"start":{"line":223,"column":13},"end":{"line":233,"column":13}},"type":"binary-expr","locations":[{"start":{"line":223,"column":13},"end":{"line":223,"column":26}},{"start":{"line":223,"column":30},"end":{"line":223,"column":38}},{"start":{"line":224,"column":14},"end":{"line":232,"column":33}}],"line":223},"16":{"loc":{"start":{"line":226,"column":42},"end":{"line":226,"column":98}},"type":"cond-expr","locations":[{"start":{"line":226,"column":51},"end":{"line":226,"column":73}},{"start":{"line":226,"column":76},"end":{"line":226,"column":98}}],"line":226}},"s":{"0":0,"1":0,"2":0,"3":0,"4":0,"5":0,"6":0,"7":0,"8":0,"9":0,"10":0,"11":0,"12":0,"13":0,"14":0,"15":0,"16":0,"17":0,"18":0,"19":0,"20":0,"21":0,"22":0,"23":0,"24":0,"25":0,"26":0,"27":0,"28":0,"29":0,"30":0,"31":0,"32":0,"33":0},"f":{"0":0,"1":0,"2":0,"3":0,"4":0,"5":0,"6":0,"7":0,"8":0,"9":0},"b":{"0":[0,0],"1":[0,0],"2":[0,0],"3":[0,0],"4":[0,0],"5":[0,0],"6":[0,0],"7":[0,0],"8":[0,0],"9":[0,0],"10":[0,0],"11":[0,0],"12":[0,0],"13":[0,0],"14":[0,0],"15":[0,0,0],"16":[0,0]}}
,"D:\\Desktop\\test\\prompt-library\\src\\components\\PromptCard.tsx": {"path":"D:\\Desktop\\test\\prompt-library\\src\\components\\PromptCard.tsx","statementMap":{"0":{"start":{"line":21,"column":29},"end":{"line":21,"column":39}},"1":{"start":{"line":22,"column":17},"end":{"line":22,"column":58}},"2":{"start":{"line":24,"column":2},"end":{"line":104,"column":4}}},"fnMap":{"0":{"name":"PromptCard","decl":{"start":{"line":15,"column":24},"end":{"line":15,"column":34}},"loc":{"start":{"line":20,"column":20},"end":{"line":105,"column":1}},"line":20}},"branchMap":{"0":{"loc":{"start":{"line":22,"column":17},"end":{"line":22,"column":58}},"type":"cond-expr","locations":[{"start":{"line":22,"column":26},"end":{"line":22,"column":40}},{"start":{"line":22,"column":43},"end":{"line":22,"column":58}}],"line":22},"1":{"loc":{"start":{"line":77,"column":20},"end":{"line":77,"column":63}},"type":"cond-expr","locations":[{"start":{"line":77,"column":40},"end":{"line":77,"column":46}},{"start":{"line":77,"column":49},"end":{"line":77,"column":63}}],"line":77},"2":{"loc":{"start":{"line":79,"column":21},"end":{"line":79,"column":76}},"type":"cond-expr","locations":[{"start":{"line":79,"column":41},"end":{"line":79,"column":54}},{"start":{"line":79,"column":57},"end":{"line":79,"column":76}}],"line":79},"3":{"loc":{"start":{"line":83,"column":9},"end":{"line":101,"column":9}},"type":"binary-expr","locations":[{"start":{"line":83,"column":9},"end":{"line":83,"column":17}},{"start":{"line":84,"column":10},"end":{"line":100,"column":17}}],"line":83}},"s":{"0":9,"1":9,"2":9},"f":{"0":9},"b":{"0":[0,9],"1":[1,8],"2":[1,8],"3":[9,1]},"_coverageSchema":"1a1c01bbd47fc00a2c39e90264f33305004495a9","hash":"f83e7d99122e381876e7b1deec98d62316a5f4b1"}
,"D:\\Desktop\\test\\prompt-library\\src\\components\\SearchBar.tsx": {"path":"D:\\Desktop\\test\\prompt-library\\src\\components\\SearchBar.tsx","statementMap":{"0":{"start":{"line":13,"column":29},"end":{"line":13,"column":39}},"1":{"start":{"line":14,"column":17},"end":{"line":14,"column":58}},"2":{"start":{"line":16,"column":2},"end":{"line":52,"column":4}}},"fnMap":{"0":{"name":"SearchBar","decl":{"start":{"line":12,"column":24},"end":{"line":12,"column":33}},"loc":{"start":{"line":12,"column":75},"end":{"line":53,"column":1}},"line":12}},"branchMap":{"0":{"loc":{"start":{"line":14,"column":17},"end":{"line":14,"column":58}},"type":"cond-expr","locations":[{"start":{"line":14,"column":26},"end":{"line":14,"column":40}},{"start":{"line":14,"column":43},"end":{"line":14,"column":58}}],"line":14}},"s":{"0":5,"1":5,"2":5},"f":{"0":5},"b":{"0":[0,5]},"_coverageSchema":"1a1c01bbd47fc00a2c39e90264f33305004495a9","hash":"ba86a6d29e2fa9c3af201801c28a054400352951"}
,"D:\\Desktop\\test\\prompt-library\\src\\constants\\defaults.ts": {"path":"D:\\Desktop\\test\\prompt-library\\src\\constants\\defaults.ts","statementMap":{"0":{"start":{"line":3,"column":46},"end":{"line":9,"column":1}}},"fnMap":{},"branchMap":{},"s":{"0":3},"f":{},"b":{},"_coverageSchema":"1a1c01bbd47fc00a2c39e90264f33305004495a9","hash":"905af9a5ef0e19ec0e85b77c30e6bf214e3f8573"}
,"D:\\Desktop\\test\\prompt-library\\src\\constants\\theme.ts": {"path":"D:\\Desktop\\test\\prompt-library\\src\\constants\\theme.ts","statementMap":{"0":{"start":{"line":1,"column":22},"end":{"line":26,"column":10}},"1":{"start":{"line":28,"column":54},"end":{"line":34,"column":1}},"2":{"start":{"line":36,"column":23},"end":{"line":43,"column":10}},"3":{"start":{"line":45,"column":22},"end":{"line":51,"column":10}},"4":{"start":{"line":53,"column":24},"end":{"line":61,"column":10}},"5":{"start":{"line":63,"column":22},"end":{"line":110,"column":10}}},"fnMap":{},"branchMap":{},"s":{"0":4,"1":4,"2":4,"3":4,"4":4,"5":4},"f":{},"b":{},"_coverageSchema":"1a1c01bbd47fc00a2c39e90264f33305004495a9","hash":"b89493615d23c51aa80bdb9836c50093f4ed6ff1"}
,"D:\\Desktop\\test\\prompt-library\\src\\hooks\\useTheme.ts": {"path":"D:\\Desktop\\test\\prompt-library\\src\\hooks\\useTheme.ts","statementMap":{"0":{"start":{"line":7,"column":22},"end":{"line":7,"column":38}},"1":{"start":{"line":8,"column":35},"end":{"line":8,"column":43}},"2":{"start":{"line":10,"column":17},"end":{"line":13,"column":30}},"3":{"start":{"line":11,"column":4},"end":{"line":11,"column":62}},"4":{"start":{"line":11,"column":32},"end":{"line":11,"column":62}},"5":{"start":{"line":12,"column":4},"end":{"line":12,"column":32}},"6":{"start":{"line":15,"column":17},"end":{"line":15,"column":52}},"7":{"start":{"line":16,"column":2},"end":{"line":16,"column":28}}},"fnMap":{"0":{"name":"useTheme","decl":{"start":{"line":6,"column":16},"end":{"line":6,"column":24}},"loc":{"start":{"line":6,"column":27},"end":{"line":17,"column":1}},"line":6},"1":{"name":"(anonymous_1)","decl":{"start":{"line":10,"column":25},"end":{"line":10,"column":26}},"loc":{"start":{"line":10,"column":31},"end":{"line":13,"column":3}},"line":10}},"branchMap":{"0":{"loc":{"start":{"line":11,"column":4},"end":{"line":11,"column":62}},"type":"if","locations":[{"start":{"line":11,"column":4},"end":{"line":11,"column":62}},{"start":{},"end":{}}],"line":11},"1":{"loc":{"start":{"line":15,"column":17},"end":{"line":15,"column":52}},"type":"cond-expr","locations":[{"start":{"line":15,"column":26},"end":{"line":15,"column":37}},{"start":{"line":15,"column":40},"end":{"line":15,"column":52}}],"line":15}},"s":{"0":0,"1":0,"2":0,"3":0,"4":0,"5":0,"6":0,"7":0},"f":{"0":0,"1":0},"b":{"0":[0,0],"1":[0,0]}}
,"D:\\Desktop\\test\\prompt-library\\src\\navigation\\TabNavigator.tsx": {"path":"D:\\Desktop\\test\\prompt-library\\src\\navigation\\TabNavigator.tsx","statementMap":{"0":{"start":{"line":10,"column":12},"end":{"line":10,"column":52}},"1":{"start":{"line":13,"column":21},"end":{"line":13,"column":31}},"2":{"start":{"line":15,"column":2},"end":{"line":76,"column":4}},"3":{"start":{"line":51,"column":12},"end":{"line":51,"column":64}},"4":{"start":{"line":61,"column":12},"end":{"line":61,"column":62}},"5":{"start":{"line":71,"column":12},"end":{"line":71,"column":74}}},"fnMap":{"0":{"name":"TabNavigator","decl":{"start":{"line":12,"column":24},"end":{"line":12,"column":36}},"loc":{"start":{"line":12,"column":39},"end":{"line":77,"column":1}},"line":12},"1":{"name":"(anonymous_1)","decl":{"start":{"line":50,"column":22},"end":{"line":50,"column":23}},"loc":{"start":{"line":51,"column":12},"end":{"line":51,"column":64}},"line":51},"2":{"name":"(anonymous_2)","decl":{"start":{"line":60,"column":22},"end":{"line":60,"column":23}},"loc":{"start":{"line":61,"column":12},"end":{"line":61,"column":62}},"line":61},"3":{"name":"(anonymous_3)","decl":{"start":{"line":70,"column":22},"end":{"line":70,"column":23}},"loc":{"start":{"line":71,"column":12},"end":{"line":71,"column":74}},"line":71}},"branchMap":{},"s":{"0":0,"1":0,"2":0,"3":0,"4":0,"5":0},"f":{"0":0,"1":0,"2":0,"3":0},"b":{}}
,"D:\\Desktop\\test\\prompt-library\\src\\screens\\BrowseScreen.tsx": {"path":"D:\\Desktop\\test\\prompt-library\\src\\screens\\BrowseScreen.tsx","statementMap":{"0":{"start":{"line":16,"column":2},"end":{"line":16,"column":78}},"1":{"start":{"line":20,"column":30},"end":{"line":20,"column":38}},"2":{"start":{"line":21,"column":21},"end":{"line":21,"column":31}},"3":{"start":{"line":22,"column":16},"end":{"line":22,"column":61}},"4":{"start":{"line":23,"column":26},"end":{"line":23,"column":50}},"5":{"start":{"line":25,"column":30},"end":{"line":25,"column":42}},"6":{"start":{"line":26,"column":54},"end":{"line":26,"column":102}},"7":{"start":{"line":27,"column":42},"end":{"line":27,"column":57}},"8":{"start":{"line":28,"column":44},"end":{"line":28,"column":73}},"9":{"start":{"line":30,"column":31},"end":{"line":36,"column":39}},"10":{"start":{"line":31,"column":43},"end":{"line":31,"column":45}},"11":{"start":{"line":32,"column":4},"end":{"line":34,"column":7}},"12":{"start":{"line":33,"column":6},"end":{"line":33,"column":83}},"13":{"start":{"line":33,"column":51},"end":{"line":33,"column":74}},"14":{"start":{"line":35,"column":4},"end":{"line":35,"column":18}},"15":{"start":{"line":38,"column":26},"end":{"line":59,"column":49}},"16":{"start":{"line":39,"column":17},"end":{"line":39,"column":30}},"17":{"start":{"line":41,"column":4},"end":{"line":49,"column":5}},"18":{"start":{"line":42,"column":16},"end":{"line":42,"column":36}},"19":{"start":{"line":43,"column":6},"end":{"line":48,"column":8}},"20":{"start":{"line":45,"column":10},"end":{"line":47,"column":57}},"21":{"start":{"line":47,"column":29},"end":{"line":47,"column":56}},"22":{"start":{"line":51,"column":4},"end":{"line":53,"column":5}},"23":{"start":{"line":52,"column":6},"end":{"line":52,"column":73}},"24":{"start":{"line":52,"column":36},"end":{"line":52,"column":71}},"25":{"start":{"line":55,"column":4},"end":{"line":58,"column":7}},"26":{"start":{"line":56,"column":6},"end":{"line":56,"column":70}},"27":{"start":{"line":56,"column":41},"end":{"line":56,"column":70}},"28":{"start":{"line":57,"column":6},"end":{"line":57,"column":39}},"29":{"start":{"line":61,"column":31},"end":{"line":64,"column":3}},"30":{"start":{"line":62,"column":4},"end":{"line":62,"column":46}},"31":{"start":{"line":63,"column":4},"end":{"line":63,"column":59}},"32":{"start":{"line":66,"column":23},"end":{"line":71,"column":3}},"33":{"start":{"line":67,"column":4},"end":{"line":67,"column":44}},"34":{"start":{"line":68,"column":4},"end":{"line":68,"column":72}},"35":{"start":{"line":69,"column":4},"end":{"line":69,"column":27}},"36":{"start":{"line":70,"column":4},"end":{"line":70,"column":27}},"37":{"start":{"line":73,"column":27},"end":{"line":92,"column":3}},"38":{"start":{"line":74,"column":16},"end":{"line":74,"column":26}},"39":{"start":{"line":75,"column":4},"end":{"line":89,"column":5}},"40":{"start":{"line":76,"column":6},"end":{"line":79,"column":9}},"41":{"start":{"line":81,"column":32},"end":{"line":87,"column":7}},"42":{"start":{"line":88,"column":6},"end":{"line":88,"column":58}},"43":{"start":{"line":90,"column":4},"end":{"line":90,"column":27}},"44":{"start":{"line":91,"column":4},"end":{"line":91,"column":27}},"45":{"start":{"line":94,"column":2},"end":{"line":94,"column":35}},"46":{"start":{"line":94,"column":23},"end":{"line":94,"column":35}},"47":{"start":{"line":96,"column":2},"end":{"line":163,"column":4}},"48":{"start":{"line":106,"column":34},"end":{"line":106,"column":41}},"49":{"start":{"line":108,"column":12},"end":{"line":117,"column":14}},"50":{"start":{"line":113,"column":16},"end":{"line":115,"column":17}},"51":{"start":{"line":124,"column":32},"end":{"line":124,"column":39}},"52":{"start":{"line":127,"column":10},"end":{"line":135,"column":12}},"53":{"start":{"line":129,"column":51},"end":{"line":129,"column":75}},"54":{"start":{"line":131,"column":14},"end":{"line":131,"column":37}},"55":{"start":{"line":132,"column":14},"end":{"line":132,"column":36}},"56":{"start":{"line":134,"column":36},"end":{"line":134,"column":65}},"57":{"start":{"line":149,"column":26},"end":{"line":149,"column":47}},"58":{"start":{"line":156,"column":10},"end":{"line":156,"column":33}},"59":{"start":{"line":157,"column":10},"end":{"line":157,"column":33}}},"fnMap":{"0":{"name":"generateId","decl":{"start":{"line":15,"column":9},"end":{"line":15,"column":19}},"loc":{"start":{"line":15,"column":30},"end":{"line":17,"column":1}},"line":15},"1":{"name":"BrowseScreen","decl":{"start":{"line":19,"column":24},"end":{"line":19,"column":36}},"loc":{"start":{"line":19,"column":39},"end":{"line":164,"column":1}},"line":19},"2":{"name":"(anonymous_2)","decl":{"start":{"line":30,"column":39},"end":{"line":30,"column":40}},"loc":{"start":{"line":30,"column":45},"end":{"line":36,"column":3}},"line":30},"3":{"name":"(anonymous_3)","decl":{"start":{"line":32,"column":29},"end":{"line":32,"column":30}},"loc":{"start":{"line":32,"column":38},"end":{"line":34,"column":5}},"line":32},"4":{"name":"(anonymous_4)","decl":{"start":{"line":33,"column":44},"end":{"line":33,"column":45}},"loc":{"start":{"line":33,"column":51},"end":{"line":33,"column":74}},"line":33},"5":{"name":"(anonymous_5)","decl":{"start":{"line":38,"column":34},"end":{"line":38,"column":35}},"loc":{"start":{"line":38,"column":40},"end":{"line":59,"column":3}},"line":38},"6":{"name":"(anonymous_6)","decl":{"start":{"line":44,"column":8},"end":{"line":44,"column":9}},"loc":{"start":{"line":45,"column":10},"end":{"line":47,"column":57}},"line":45},"7":{"name":"(anonymous_7)","decl":{"start":{"line":47,"column":22},"end":{"line":47,"column":23}},"loc":{"start":{"line":47,"column":29},"end":{"line":47,"column":56}},"line":47},"8":{"name":"(anonymous_8)","decl":{"start":{"line":52,"column":29},"end":{"line":52,"column":30}},"loc":{"start":{"line":52,"column":36},"end":{"line":52,"column":71}},"line":52},"9":{"name":"(anonymous_9)","decl":{"start":{"line":55,"column":28},"end":{"line":55,"column":29}},"loc":{"start":{"line":55,"column":38},"end":{"line":58,"column":5}},"line":55},"10":{"name":"(anonymous_10)","decl":{"start":{"line":61,"column":31},"end":{"line":61,"column":32}},"loc":{"start":{"line":61,"column":47},"end":{"line":64,"column":3}},"line":61},"11":{"name":"(anonymous_11)","decl":{"start":{"line":66,"column":23},"end":{"line":66,"column":24}},"loc":{"start":{"line":66,"column":39},"end":{"line":71,"column":3}},"line":66},"12":{"name":"(anonymous_12)","decl":{"start":{"line":73,"column":27},"end":{"line":73,"column":28}},"loc":{"start":{"line":73,"column":109},"end":{"line":92,"column":3}},"line":73},"13":{"name":"(anonymous_13)","decl":{"start":{"line":106,"column":24},"end":{"line":106,"column":25}},"loc":{"start":{"line":106,"column":34},"end":{"line":106,"column":41}},"line":106},"14":{"name":"(anonymous_14)","decl":{"start":{"line":107,"column":22},"end":{"line":107,"column":23}},"loc":{"start":{"line":108,"column":12},"end":{"line":117,"column":14}},"line":108},"15":{"name":"(anonymous_15)","decl":{"start":{"line":112,"column":23},"end":{"line":112,"column":24}},"loc":{"start":{"line":113,"column":16},"end":{"line":115,"column":17}},"line":113},"16":{"name":"(anonymous_16)","decl":{"start":{"line":124,"column":22},"end":{"line":124,"column":23}},"loc":{"start":{"line":124,"column":32},"end":{"line":124,"column":39}},"line":124},"17":{"name":"(anonymous_17)","decl":{"start":{"line":126,"column":20},"end":{"line":126,"column":21}},"loc":{"start":{"line":127,"column":10},"end":{"line":135,"column":12}},"line":127},"18":{"name":"(anonymous_18)","decl":{"start":{"line":129,"column":44},"end":{"line":129,"column":45}},"loc":{"start":{"line":129,"column":51},"end":{"line":129,"column":75}},"line":129},"19":{"name":"(anonymous_19)","decl":{"start":{"line":130,"column":21},"end":{"line":130,"column":22}},"loc":{"start":{"line":130,"column":27},"end":{"line":133,"column":13}},"line":130},"20":{"name":"(anonymous_20)","decl":{"start":{"line":134,"column":30},"end":{"line":134,"column":31}},"loc":{"start":{"line":134,"column":36},"end":{"line":134,"column":65}},"line":134},"21":{"name":"(anonymous_21)","decl":{"start":{"line":149,"column":20},"end":{"line":149,"column":21}},"loc":{"start":{"line":149,"column":26},"end":{"line":149,"column":47}},"line":149},"22":{"name":"(anonymous_22)","decl":{"start":{"line":155,"column":17},"end":{"line":155,"column":18}},"loc":{"start":{"line":155,"column":23},"end":{"line":158,"column":9}},"line":155}},"branchMap":{"0":{"loc":{"start":{"line":26,"column":78},"end":{"line":26,"column":101}},"type":"binary-expr","locations":[{"start":{"line":26,"column":78},"end":{"line":26,"column":93}},{"start":{"line":26,"column":97},"end":{"line":26,"column":101}}],"line":26},"1":{"loc":{"start":{"line":41,"column":4},"end":{"line":49,"column":5}},"type":"if","locations":[{"start":{"line":41,"column":4},"end":{"line":49,"column":5}},{"start":{},"end":{}}],"line":41},"2":{"loc":{"start":{"line":45,"column":10},"end":{"line":47,"column":57}},"type":"binary-expr","locations":[{"start":{"line":45,"column":10},"end":{"line":45,"column":43}},{"start":{"line":46,"column":10},"end":{"line":46,"column":45}},{"start":{"line":47,"column":10},"end":{"line":47,"column":57}}],"line":45},"3":{"loc":{"start":{"line":51,"column":4},"end":{"line":53,"column":5}},"type":"if","locations":[{"start":{"line":51,"column":4},"end":{"line":53,"column":5}},{"start":{},"end":{}}],"line":51},"4":{"loc":{"start":{"line":56,"column":6},"end":{"line":56,"column":70}},"type":"if","locations":[{"start":{"line":56,"column":6},"end":{"line":56,"column":70}},{"start":{},"end":{}}],"line":56},"5":{"loc":{"start":{"line":56,"column":48},"end":{"line":56,"column":69}},"type":"cond-expr","locations":[{"start":{"line":56,"column":63},"end":{"line":56,"column":65}},{"start":{"line":56,"column":68},"end":{"line":56,"column":69}}],"line":56},"6":{"loc":{"start":{"line":75,"column":4},"end":{"line":89,"column":5}},"type":"if","locations":[{"start":{"line":75,"column":4},"end":{"line":89,"column":5}},{"start":{"line":80,"column":11},"end":{"line":89,"column":5}}],"line":75},"7":{"loc":{"start":{"line":94,"column":2},"end":{"line":94,"column":35}},"type":"if","locations":[{"start":{"line":94,"column":2},"end":{"line":94,"column":35}},{"start":{},"end":{}}],"line":94},"8":{"loc":{"start":{"line":111,"column":21},"end":{"line":111,"column":55}},"type":"binary-expr","locations":[{"start":{"line":111,"column":21},"end":{"line":111,"column":50}},{"start":{"line":111,"column":54},"end":{"line":111,"column":55}}],"line":111},"9":{"loc":{"start":{"line":114,"column":18},"end":{"line":114,"column":65}},"type":"cond-expr","locations":[{"start":{"line":114,"column":51},"end":{"line":114,"column":55}},{"start":{"line":114,"column":58},"end":{"line":114,"column":65}}],"line":114},"10":{"loc":{"start":{"line":139,"column":19},"end":{"line":139,"column":69}},"type":"cond-expr","locations":[{"start":{"line":139,"column":48},"end":{"line":139,"column":56}},{"start":{"line":139,"column":59},"end":{"line":139,"column":69}}],"line":139},"11":{"loc":{"start":{"line":141,"column":14},"end":{"line":143,"column":32}},"type":"cond-expr","locations":[{"start":{"line":142,"column":18},"end":{"line":142,"column":35}},{"start":{"line":143,"column":18},"end":{"line":143,"column":32}}],"line":141}},"s":{"0":0,"1":0,"2":0,"3":0,"4":0,"5":0,"6":0,"7":0,"8":0,"9":0,"10":0,"11":0,"12":0,"13":0,"14":0,"15":0,"16":0,"17":0,"18":0,"19":0,"20":0,"21":0,"22":0,"23":0,"24":0,"25":0,"26":0,"27":0,"28":0,"29":0,"30":0,"31":0,"32":0,"33":0,"34":0,"35":0,"36":0,"37":0,"38":0,"39":0,"40":0,"41":0,"42":0,"43":0,"44":0,"45":0,"46":0,"47":0,"48":0,"49":0,"50":0,"51":0,"52":0,"53":0,"54":0,"55":0,"56":0,"57":0,"58":0,"59":0},"f":{"0":0,"1":0,"2":0,"3":0,"4":0,"5":0,"6":0,"7":0,"8":0,"9":0,"10":0,"11":0,"12":0,"13":0,"14":0,"15":0,"16":0,"17":0,"18":0,"19":0,"20":0,"21":0,"22":0},"b":{"0":[0,0],"1":[0,0],"2":[0,0,0],"3":[0,0],"4":[0,0],"5":[0,0],"6":[0,0],"7":[0,0],"8":[0,0],"9":[0,0],"10":[0,0],"11":[0,0]}}
,"D:\\Desktop\\test\\prompt-library\\src\\screens\\CategoriesScreen.tsx": {"path":"D:\\Desktop\\test\\prompt-library\\src\\screens\\CategoriesScreen.tsx","statementMap":{"0":{"start":{"line":11,"column":20},"end":{"line":11,"column":28}},"1":{"start":{"line":12,"column":21},"end":{"line":12,"column":31}},"2":{"start":{"line":13,"column":21},"end":{"line":13,"column":66}},"3":{"start":{"line":15,"column":23},"end":{"line":21,"column":39}},"4":{"start":{"line":16,"column":43},"end":{"line":16,"column":45}},"5":{"start":{"line":17,"column":4},"end":{"line":19,"column":7}},"6":{"start":{"line":18,"column":6},"end":{"line":18,"column":83}},"7":{"start":{"line":18,"column":51},"end":{"line":18,"column":74}},"8":{"start":{"line":20,"column":4},"end":{"line":20,"column":18}},"9":{"start":{"line":23,"column":2},"end":{"line":37,"column":4}},"10":{"start":{"line":32,"column":12},"end":{"line":32,"column":66}}},"fnMap":{"0":{"name":"CategoriesScreen","decl":{"start":{"line":10,"column":24},"end":{"line":10,"column":40}},"loc":{"start":{"line":10,"column":43},"end":{"line":38,"column":1}},"line":10},"1":{"name":"(anonymous_1)","decl":{"start":{"line":15,"column":31},"end":{"line":15,"column":32}},"loc":{"start":{"line":15,"column":37},"end":{"line":21,"column":3}},"line":15},"2":{"name":"(anonymous_2)","decl":{"start":{"line":17,"column":29},"end":{"line":17,"column":30}},"loc":{"start":{"line":17,"column":38},"end":{"line":19,"column":5}},"line":17},"3":{"name":"(anonymous_3)","decl":{"start":{"line":18,"column":44},"end":{"line":18,"column":45}},"loc":{"start":{"line":18,"column":51},"end":{"line":18,"column":74}},"line":18},"4":{"name":"(anonymous_4)","decl":{"start":{"line":31,"column":19},"end":{"line":31,"column":20}},"loc":{"start":{"line":31,"column":28},"end":{"line":33,"column":11}},"line":31}},"branchMap":{"0":{"loc":{"start":{"line":25,"column":7},"end":{"line":35,"column":7}},"type":"cond-expr","locations":[{"start":{"line":26,"column":8},"end":{"line":26,"column":59}},{"start":{"line":28,"column":8},"end":{"line":34,"column":10}}],"line":25}},"s":{"0":0,"1":0,"2":0,"3":0,"4":0,"5":0,"6":0,"7":0,"8":0,"9":0,"10":0},"f":{"0":0,"1":0,"2":0,"3":0,"4":0},"b":{"0":[0,0]}}
,"D:\\Desktop\\test\\prompt-library\\src\\screens\\SettingsScreen.tsx": {"path":"D:\\Desktop\\test\\prompt-library\\src\\screens\\SettingsScreen.tsx","statementMap":{"0":{"start":{"line":11,"column":30},"end":{"line":11,"column":38}},"1":{"start":{"line":12,"column":29},"end":{"line":12,"column":39}},"2":{"start":{"line":14,"column":23},"end":{"line":14,"column":43}},"3":{"start":{"line":15,"column":26},"end":{"line":15,"column":49}},"4":{"start":{"line":16,"column":25},"end":{"line":16,"column":73}},"5":{"start":{"line":16,"column":53},"end":{"line":16,"column":65}},"6":{"start":{"line":18,"column":28},"end":{"line":20,"column":3}},"7":{"start":{"line":19,"column":4},"end":{"line":19,"column":78}},"8":{"start":{"line":22,"column":23},"end":{"line":38,"column":3}},"9":{"start":{"line":23,"column":4},"end":{"line":37,"column":5}},"10":{"start":{"line":24,"column":19},"end":{"line":28,"column":7}},"11":{"start":{"line":29,"column":19},"end":{"line":29,"column":78}},"12":{"start":{"line":30,"column":6},"end":{"line":30,"column":54}},"13":{"start":{"line":31,"column":6},"end":{"line":34,"column":9}},"14":{"start":{"line":36,"column":6},"end":{"line":36,"column":40}},"15":{"start":{"line":40,"column":23},"end":{"line":63,"column":3}},"16":{"start":{"line":41,"column":4},"end":{"line":62,"column":5}},"17":{"start":{"line":42,"column":21},"end":{"line":44,"column":8}},"18":{"start":{"line":45,"column":6},"end":{"line":59,"column":7}},"19":{"start":{"line":46,"column":24},"end":{"line":46,"column":80}},"20":{"start":{"line":47,"column":21},"end":{"line":47,"column":40}},"21":{"start":{"line":48,"column":8},"end":{"line":58,"column":9}},"22":{"start":{"line":49,"column":10},"end":{"line":54,"column":13}},"23":{"start":{"line":55,"column":10},"end":{"line":55,"column":65}},"24":{"start":{"line":57,"column":10},"end":{"line":57,"column":53}},"25":{"start":{"line":61,"column":6},"end":{"line":61,"column":41}},"26":{"start":{"line":65,"column":21},"end":{"line":97,"column":3}},"27":{"start":{"line":76,"column":4},"end":{"line":96,"column":23}},"28":{"start":{"line":99,"column":2},"end":{"line":178,"column":4}}},"fnMap":{"0":{"name":"SettingsScreen","decl":{"start":{"line":10,"column":24},"end":{"line":10,"column":38}},"loc":{"start":{"line":10,"column":41},"end":{"line":179,"column":1}},"line":10},"1":{"name":"(anonymous_1)","decl":{"start":{"line":16,"column":46},"end":{"line":16,"column":47}},"loc":{"start":{"line":16,"column":53},"end":{"line":16,"column":65}},"line":16},"2":{"name":"(anonymous_2)","decl":{"start":{"line":18,"column":28},"end":{"line":18,"column":29}},"loc":{"start":{"line":18,"column":48},"end":{"line":20,"column":3}},"line":18},"3":{"name":"(anonymous_3)","decl":{"start":{"line":22,"column":23},"end":{"line":22,"column":24}},"loc":{"start":{"line":22,"column":35},"end":{"line":38,"column":3}},"line":22},"4":{"name":"(anonymous_4)","decl":{"start":{"line":40,"column":23},"end":{"line":40,"column":24}},"loc":{"start":{"line":40,"column":35},"end":{"line":63,"column":3}},"line":40},"5":{"name":"(anonymous_5)","decl":{"start":{"line":65,"column":21},"end":{"line":65,"column":22}},"loc":{"start":{"line":76,"column":4},"end":{"line":96,"column":23}},"line":76}},"branchMap":{"0":{"loc":{"start":{"line":19,"column":50},"end":{"line":19,"column":74}},"type":"cond-expr","locations":[{"start":{"line":19,"column":58},"end":{"line":19,"column":64}},{"start":{"line":19,"column":67},"end":{"line":19,"column":74}}],"line":19},"1":{"loc":{"start":{"line":45,"column":6},"end":{"line":59,"column":7}},"type":"if","locations":[{"start":{"line":45,"column":6},"end":{"line":59,"column":7}},{"start":{},"end":{}}],"line":45},"2":{"loc":{"start":{"line":48,"column":8},"end":{"line":58,"column":9}},"type":"if","locations":[{"start":{"line":48,"column":8},"end":{"line":58,"column":9}},{"start":{"line":56,"column":15},"end":{"line":58,"column":9}}],"line":48},"3":{"loc":{"start":{"line":48,"column":12},"end":{"line":48,"column":43}},"type":"binary-expr","locations":[{"start":{"line":48,"column":12},"end":{"line":48,"column":24}},{"start":{"line":48,"column":28},"end":{"line":48,"column":43}}],"line":48},"4":{"loc":{"start":{"line":84,"column":16},"end":{"line":84,"column":34}},"type":"binary-expr","locations":[{"start":{"line":84,"column":16},"end":{"line":84,"column":24}},{"start":{"line":84,"column":28},"end":{"line":84,"column":34}}],"line":84},"5":{"loc":{"start":{"line":95,"column":7},"end":{"line":95,"column":89}},"type":"binary-expr","locations":[{"start":{"line":95,"column":7},"end":{"line":95,"column":12}},{"start":{"line":95,"column":16},"end":{"line":95,"column":89}}],"line":95}},"s":{"0":0,"1":0,"2":0,"3":0,"4":0,"5":0,"6":0,"7":0,"8":0,"9":0,"10":0,"11":0,"12":0,"13":0,"14":0,"15":0,"16":0,"17":0,"18":0,"19":0,"20":0,"21":0,"22":0,"23":0,"24":0,"25":0,"26":0,"27":0,"28":0},"f":{"0":0,"1":0,"2":0,"3":0,"4":0,"5":0},"b":{"0":[0,0],"1":[0,0],"2":[0,0],"3":[0,0],"4":[0,0],"5":[0,0]}}
,"D:\\Desktop\\test\\prompt-library\\src\\store\\AppContext.tsx": {"path":"D:\\Desktop\\test\\prompt-library\\src\\store\\AppContext.tsx","statementMap":{"0":{"start":{"line":20,"column":31},"end":{"line":25,"column":1}},"1":{"start":{"line":28,"column":2},"end":{"line":78,"column":3}},"2":{"start":{"line":30,"column":6},"end":{"line":36,"column":8}},"3":{"start":{"line":38,"column":6},"end":{"line":38,"column":70}},"4":{"start":{"line":40,"column":6},"end":{"line":45,"column":8}},"5":{"start":{"line":43,"column":10},"end":{"line":43,"column":55}},"6":{"start":{"line":47,"column":6},"end":{"line":50,"column":8}},"7":{"start":{"line":49,"column":45},"end":{"line":49,"column":63}},"8":{"start":{"line":52,"column":6},"end":{"line":57,"column":8}},"9":{"start":{"line":55,"column":10},"end":{"line":55,"column":70}},"10":{"start":{"line":59,"column":6},"end":{"line":59,"column":78}},"11":{"start":{"line":61,"column":6},"end":{"line":66,"column":8}},"12":{"start":{"line":64,"column":10},"end":{"line":64,"column":59}},"13":{"start":{"line":68,"column":6},"end":{"line":71,"column":8}},"14":{"start":{"line":70,"column":51},"end":{"line":70,"column":69}},"15":{"start":{"line":73,"column":6},"end":{"line":73,"column":57}},"16":{"start":{"line":75,"column":6},"end":{"line":75,"column":55}},"17":{"start":{"line":77,"column":6},"end":{"line":77,"column":19}},"18":{"start":{"line":86,"column":19},"end":{"line":86,"column":61}},"19":{"start":{"line":89,"column":28},"end":{"line":89,"column":64}},"20":{"start":{"line":90,"column":23},"end":{"line":90,"column":73}},"21":{"start":{"line":92,"column":2},"end":{"line":111,"column":9}},"22":{"start":{"line":93,"column":4},"end":{"line":110,"column":9}},"23":{"start":{"line":94,"column":19},"end":{"line":94,"column":35}},"24":{"start":{"line":95,"column":6},"end":{"line":109,"column":7}},"25":{"start":{"line":96,"column":8},"end":{"line":101,"column":11}},"26":{"start":{"line":103,"column":8},"end":{"line":108,"column":11}},"27":{"start":{"line":113,"column":2},"end":{"line":129,"column":57}},"28":{"start":{"line":114,"column":4},"end":{"line":114,"column":32}},"29":{"start":{"line":114,"column":25},"end":{"line":114,"column":32}},"30":{"start":{"line":116,"column":4},"end":{"line":118,"column":5}},"31":{"start":{"line":117,"column":6},"end":{"line":117,"column":41}},"32":{"start":{"line":120,"column":4},"end":{"line":122,"column":12}},"33":{"start":{"line":121,"column":6},"end":{"line":121,"column":64}},"34":{"start":{"line":124,"column":4},"end":{"line":128,"column":6}},"35":{"start":{"line":125,"column":6},"end":{"line":127,"column":7}},"36":{"start":{"line":126,"column":8},"end":{"line":126,"column":43}},"37":{"start":{"line":131,"column":2},"end":{"line":135,"column":41}},"38":{"start":{"line":132,"column":4},"end":{"line":134,"column":5}},"39":{"start":{"line":133,"column":6},"end":{"line":133,"column":37}},"40":{"start":{"line":137,"column":2},"end":{"line":141,"column":4}},"41":{"start":{"line":145,"column":18},"end":{"line":145,"column":40}},"42":{"start":{"line":146,"column":2},"end":{"line":146,"column":74}},"43":{"start":{"line":146,"column":16},"end":{"line":146,"column":74}},"44":{"start":{"line":147,"column":2},"end":{"line":147,"column":17}}},"fnMap":{"0":{"name":"appReducer","decl":{"start":{"line":27,"column":16},"end":{"line":27,"column":26}},"loc":{"start":{"line":27,"column":73},"end":{"line":79,"column":1}},"line":27},"1":{"name":"(anonymous_1)","decl":{"start":{"line":42,"column":35},"end":{"line":42,"column":36}},"loc":{"start":{"line":43,"column":10},"end":{"line":43,"column":55}},"line":43},"2":{"name":"(anonymous_2)","decl":{"start":{"line":49,"column":38},"end":{"line":49,"column":39}},"loc":{"start":{"line":49,"column":45},"end":{"line":49,"column":63}},"line":49},"3":{"name":"(anonymous_3)","decl":{"start":{"line":54,"column":35},"end":{"line":54,"column":36}},"loc":{"start":{"line":55,"column":10},"end":{"line":55,"column":70}},"line":55},"4":{"name":"(anonymous_4)","decl":{"start":{"line":63,"column":41},"end":{"line":63,"column":42}},"loc":{"start":{"line":64,"column":10},"end":{"line":64,"column":59}},"line":64},"5":{"name":"(anonymous_5)","decl":{"start":{"line":70,"column":44},"end":{"line":70,"column":45}},"loc":{"start":{"line":70,"column":51},"end":{"line":70,"column":69}},"line":70},"6":{"name":"AppProvider","decl":{"start":{"line":88,"column":16},"end":{"line":88,"column":27}},"loc":{"start":{"line":88,"column":67},"end":{"line":142,"column":1}},"line":88},"7":{"name":"(anonymous_7)","decl":{"start":{"line":92,"column":12},"end":{"line":92,"column":13}},"loc":{"start":{"line":92,"column":18},"end":{"line":111,"column":3}},"line":92},"8":{"name":"(anonymous_8)","decl":{"start":{"line":93,"column":5},"end":{"line":93,"column":6}},"loc":{"start":{"line":93,"column":17},"end":{"line":110,"column":5}},"line":93},"9":{"name":"(anonymous_9)","decl":{"start":{"line":113,"column":12},"end":{"line":113,"column":13}},"loc":{"start":{"line":113,"column":18},"end":{"line":129,"column":3}},"line":113},"10":{"name":"(anonymous_10)","decl":{"start":{"line":120,"column":38},"end":{"line":120,"column":39}},"loc":{"start":{"line":120,"column":44},"end":{"line":122,"column":5}},"line":120},"11":{"name":"(anonymous_11)","decl":{"start":{"line":121,"column":54},"end":{"line":121,"column":55}},"loc":{"start":{"line":121,"column":60},"end":{"line":121,"column":62}},"line":121},"12":{"name":"(anonymous_12)","decl":{"start":{"line":124,"column":11},"end":{"line":124,"column":12}},"loc":{"start":{"line":124,"column":17},"end":{"line":128,"column":5}},"line":124},"13":{"name":"(anonymous_13)","decl":{"start":{"line":131,"column":12},"end":{"line":131,"column":13}},"loc":{"start":{"line":131,"column":18},"end":{"line":135,"column":3}},"line":131},"14":{"name":"useApp","decl":{"start":{"line":144,"column":16},"end":{"line":144,"column":22}},"loc":{"start":{"line":144,"column":25},"end":{"line":148,"column":1}},"line":144}},"branchMap":{"0":{"loc":{"start":{"line":28,"column":2},"end":{"line":78,"column":3}},"type":"switch","locations":[{"start":{"line":29,"column":4},"end":{"line":36,"column":8}},{"start":{"line":37,"column":4},"end":{"line":38,"column":70}},{"start":{"line":39,"column":4},"end":{"line":45,"column":8}},{"start":{"line":46,"column":4},"end":{"line":50,"column":8}},{"start":{"line":51,"column":4},"end":{"line":57,"column":8}},{"start":{"line":58,"column":4},"end":{"line":59,"column":78}},{"start":{"line":60,"column":4},"end":{"line":66,"column":8}},{"start":{"line":67,"column":4},"end":{"line":71,"column":8}},{"start":{"line":72,"column":4},"end":{"line":73,"column":57}},{"start":{"line":74,"column":4},"end":{"line":75,"column":55}},{"start":{"line":76,"column":4},"end":{"line":77,"column":19}}],"line":28},"1":{"loc":{"start":{"line":43,"column":10},"end":{"line":43,"column":55}},"type":"cond-expr","locations":[{"start":{"line":43,"column":38},"end":{"line":43,"column":51}},{"start":{"line":43,"column":54},"end":{"line":43,"column":55}}],"line":43},"2":{"loc":{"start":{"line":55,"column":10},"end":{"line":55,"column":70}},"type":"cond-expr","locations":[{"start":{"line":55,"column":31},"end":{"line":55,"column":66}},{"start":{"line":55,"column":69},"end":{"line":55,"column":70}}],"line":55},"3":{"loc":{"start":{"line":64,"column":10},"end":{"line":64,"column":59}},"type":"cond-expr","locations":[{"start":{"line":64,"column":40},"end":{"line":64,"column":55}},{"start":{"line":64,"column":58},"end":{"line":64,"column":59}}],"line":64},"4":{"loc":{"start":{"line":95,"column":6},"end":{"line":109,"column":7}},"type":"if","locations":[{"start":{"line":95,"column":6},"end":{"line":109,"column":7}},{"start":{"line":102,"column":13},"end":{"line":109,"column":7}}],"line":95},"5":{"loc":{"start":{"line":114,"column":4},"end":{"line":114,"column":32}},"type":"if","locations":[{"start":{"line":114,"column":4},"end":{"line":114,"column":32}},{"start":{},"end":{}}],"line":114},"6":{"loc":{"start":{"line":116,"column":4},"end":{"line":118,"column":5}},"type":"if","locations":[{"start":{"line":116,"column":4},"end":{"line":118,"column":5}},{"start":{},"end":{}}],"line":116},"7":{"loc":{"start":{"line":125,"column":6},"end":{"line":127,"column":7}},"type":"if","locations":[{"start":{"line":125,"column":6},"end":{"line":127,"column":7}},{"start":{},"end":{}}],"line":125},"8":{"loc":{"start":{"line":132,"column":4},"end":{"line":134,"column":5}},"type":"if","locations":[{"start":{"line":132,"column":4},"end":{"line":134,"column":5}},{"start":{},"end":{}}],"line":132},"9":{"loc":{"start":{"line":146,"column":2},"end":{"line":146,"column":74}},"type":"if","locations":[{"start":{"line":146,"column":2},"end":{"line":146,"column":74}},{"start":{},"end":{}}],"line":146}},"s":{"0":2,"1":79,"2":16,"3":16,"4":6,"5":7,"6":9,"7":10,"8":11,"9":12,"10":3,"11":3,"12":3,"13":3,"14":3,"15":3,"16":7,"17":2,"18":2,"19":28,"20":28,"21":28,"22":9,"23":9,"24":9,"25":9,"26":0,"27":28,"28":27,"29":9,"30":18,"31":9,"32":18,"33":2,"34":18,"35":18,"36":18,"37":28,"38":19,"39":10,"40":28,"41":30,"42":30,"43":2,"44":28},"f":{"0":79,"1":7,"2":10,"3":12,"4":3,"5":3,"6":28,"7":9,"8":9,"9":27,"10":2,"11":0,"12":18,"13":19,"14":30},"b":{"0":[16,16,6,9,11,3,3,3,3,7,2],"1":[5,2],"2":[10,2],"3":[2,1],"4":[9,0],"5":[9,18],"6":[9,9],"7":[18,0],"8":[10,9],"9":[2,28]},"_coverageSchema":"1a1c01bbd47fc00a2c39e90264f33305004495a9","hash":"5d0c88442ac3005e8e836efee102fdf883ba229f"}
,"D:\\Desktop\\test\\prompt-library\\src\\store\\storage.ts": {"path":"D:\\Desktop\\test\\prompt-library\\src\\store\\storage.ts","statementMap":{"0":{"start":{"line":4,"column":20},"end":{"line":4,"column":29}},"1":{"start":{"line":5,"column":23},"end":{"line":5,"column":35}},"2":{"start":{"line":6,"column":23},"end":{"line":6,"column":34}},"3":{"start":{"line":12,"column":2},"end":{"line":17,"column":3}},"4":{"start":{"line":13,"column":4},"end":{"line":13,"column":69}},"5":{"start":{"line":14,"column":4},"end":{"line":14,"column":75}},"6":{"start":{"line":16,"column":4},"end":{"line":16,"column":35}},"7":{"start":{"line":21,"column":2},"end":{"line":21,"column":69}},"8":{"start":{"line":25,"column":2},"end":{"line":25,"column":29}},"9":{"start":{"line":25,"column":13},"end":{"line":25,"column":29}},"10":{"start":{"line":26,"column":2},"end":{"line":30,"column":3}},"11":{"start":{"line":27,"column":4},"end":{"line":27,"column":33}},"12":{"start":{"line":29,"column":4},"end":{"line":29,"column":20}},"13":{"start":{"line":38,"column":2},"end":{"line":52,"column":3}},"14":{"start":{"line":39,"column":56},"end":{"line":43,"column":6}},"15":{"start":{"line":45,"column":4},"end":{"line":49,"column":6}},"16":{"start":{"line":51,"column":4},"end":{"line":51,"column":64}},"17":{"start":{"line":56,"column":2},"end":{"line":58,"column":12}},"18":{"start":{"line":57,"column":4},"end":{"line":57,"column":58}}},"fnMap":{"0":{"name":"saveData","decl":{"start":{"line":8,"column":22},"end":{"line":8,"column":30}},"loc":{"start":{"line":11,"column":17},"end":{"line":18,"column":1}},"line":11},"1":{"name":"isValidThemeMode","decl":{"start":{"line":20,"column":9},"end":{"line":20,"column":25}},"loc":{"start":{"line":20,"column":62},"end":{"line":22,"column":1}},"line":20},"2":{"name":"safeParse","decl":{"start":{"line":24,"column":9},"end":{"line":24,"column":18}},"loc":{"start":{"line":24,"column":59},"end":{"line":31,"column":1}},"line":24},"3":{"name":"loadData","decl":{"start":{"line":33,"column":22},"end":{"line":33,"column":30}},"loc":{"start":{"line":37,"column":3},"end":{"line":53,"column":1}},"line":37},"4":{"name":"saveThemeMode","decl":{"start":{"line":55,"column":22},"end":{"line":55,"column":35}},"loc":{"start":{"line":55,"column":73},"end":{"line":59,"column":1}},"line":55}},"branchMap":{"0":{"loc":{"start":{"line":21,"column":9},"end":{"line":21,"column":68}},"type":"binary-expr","locations":[{"start":{"line":21,"column":9},"end":{"line":21,"column":27}},{"start":{"line":21,"column":31},"end":{"line":21,"column":48}},{"start":{"line":21,"column":52},"end":{"line":21,"column":68}}],"line":21},"1":{"loc":{"start":{"line":25,"column":2},"end":{"line":25,"column":29}},"type":"if","locations":[{"start":{"line":25,"column":2},"end":{"line":25,"column":29}},{"start":{},"end":{}}],"line":25},"2":{"loc":{"start":{"line":48,"column":17},"end":{"line":48,"column":73}},"type":"cond-expr","locations":[{"start":{"line":48,"column":50},"end":{"line":48,"column":62}},{"start":{"line":48,"column":65},"end":{"line":48,"column":73}}],"line":48}},"s":{"0":3,"1":3,"2":3,"3":8,"4":8,"5":6,"6":3,"7":23,"8":46,"9":23,"10":23,"11":23,"12":3,"13":24,"14":24,"15":23,"16":1,"17":16,"18":16},"f":{"0":8,"1":23,"2":46,"3":24,"4":16},"b":{"0":[23,20,18],"1":[23,23],"2":[9,14]},"_coverageSchema":"1a1c01bbd47fc00a2c39e90264f33305004495a9","hash":"6a7250040f7239684062b3d5dd12b3fb4a9eee58"}
}
