TN:
SF:src\components\CategoryChip.tsx
FN:12,CategoryChip
FNF:1
FNH:1
FNDA:6,CategoryChip
DA:18,6
LF:1
LH:1
BRDA:22,0,0,1
BRDA:22,0,1,5
BRDA:24,1,0,1
BRDA:24,1,1,5
BRDA:32,2,0,1
BRDA:32,2,1,5
BRF:6
BRH:6
end_of_record
TN:
SF:src\components\CategoryGrid.tsx
FN:14,CategoryGrid
FN:22,(anonymous_1)
FN:25,(anonymous_2)
FN:26,(anonymous_3)
FN:35,(anonymous_4)
FNF:5
FNH:0
FNDA:0,CategoryGrid
FNDA:0,(anonymous_1)
FNDA:0,(anonymous_2)
FNDA:0,(anonymous_3)
FNDA:0,(anonymous_4)
DA:15,0
DA:16,0
DA:18,0
DA:22,0
DA:25,0
DA:27,0
DA:35,0
LF:7
LH:0
BRDA:16,0,0,0
BRDA:16,0,1,0
BRDA:58,1,0,0
BRDA:58,1,1,0
BRF:4
BRH:0
end_of_record
TN:
SF:src\components\EmptyState.tsx
FN:13,EmptyState
FNF:1
FNH:1
FNDA:7,EmptyState
DA:14,7
DA:16,7
LF:2
LH:2
BRDA:45,0,0,7
BRDA:45,0,1,3
BRDA:45,0,2,2
BRF:3
BRH:3
end_of_record
TN:
SF:src\components\FAB.tsx
FN:11,FAB
FNF:1
FNH:1
FNDA:4,FAB
DA:12,4
DA:13,4
DA:15,4
LF:3
LH:3
BRDA:13,0,0,0
BRDA:13,0,1,4
BRF:2
BRH:1
end_of_record
TN:
SF:src\components\NewPromptSheet.tsx
FN:26,NewPromptSheet
FN:40,(anonymous_1)
FN:54,(anonymous_2)
FN:57,(anonymous_3)
FN:58,(anonymous_4)
FN:61,(anonymous_5)
FN:74,(anonymous_6)
FN:81,(anonymous_7)
FN:196,(anonymous_8)
FN:207,(anonymous_9)
FNF:10
FNH:0
FNDA:0,NewPromptSheet
FNDA:0,(anonymous_1)
FNDA:0,(anonymous_2)
FNDA:0,(anonymous_3)
FNDA:0,(anonymous_4)
FNDA:0,(anonymous_5)
FNDA:0,(anonymous_6)
FNDA:0,(anonymous_7)
FNDA:0,(anonymous_8)
FNDA:0,(anonymous_9)
DA:34,0
DA:35,0
DA:36,0
DA:37,0
DA:38,0
DA:40,0
DA:41,0
DA:42,0
DA:43,0
DA:44,0
DA:45,0
DA:47,0
DA:48,0
DA:49,0
DA:50,0
DA:54,0
DA:55,0
DA:57,0
DA:58,0
DA:61,0
DA:62,0
DA:63,0
DA:69,0
DA:70,0
DA:71,0
DA:74,0
DA:75,0
DA:76,0
DA:81,0
DA:86,0
DA:197,0
DA:207,0
LF:32
LH:0
BRDA:37,0,0,0
BRDA:37,0,1,0
BRDA:41,1,0,0
BRDA:41,1,1,0
BRDA:49,2,0,0
BRDA:49,2,1,0
BRDA:62,3,0,0
BRDA:62,3,1,0
BRDA:75,4,0,0
BRDA:75,4,1,0
BRDA:75,5,0,0
BRDA:75,5,1,0
BRDA:89,6,0,0
BRDA:89,6,1,0
BRDA:100,7,0,0
BRDA:100,7,1,0
BRDA:117,8,0,0
BRDA:117,8,1,0
BRDA:131,9,0,0
BRDA:131,9,1,0
BRDA:145,10,0,0
BRDA:145,10,1,0
BRDA:174,11,0,0
BRDA:174,11,1,0
BRDA:202,12,0,0
BRDA:202,12,1,0
BRDA:205,13,0,0
BRDA:205,13,1,0
BRDA:211,14,0,0
BRDA:211,14,1,0
BRDA:223,15,0,0
BRDA:223,15,1,0
BRDA:223,15,2,0
BRDA:226,16,0,0
BRDA:226,16,1,0
BRF:35
BRH:0
end_of_record
TN:
SF:src\components\PromptCard.tsx
FN:15,PromptCard
FNF:1
FNH:1
FNDA:9,PromptCard
DA:21,9
DA:22,9
DA:24,9
LF:3
LH:3
BRDA:22,0,0,0
BRDA:22,0,1,9
BRDA:77,1,0,1
BRDA:77,1,1,8
BRDA:79,2,0,1
BRDA:79,2,1,8
BRDA:83,3,0,9
BRDA:83,3,1,1
BRF:8
BRH:7
end_of_record
TN:
SF:src\components\SearchBar.tsx
FN:12,SearchBar
FNF:1
FNH:1
FNDA:5,SearchBar
DA:13,5
DA:14,5
DA:16,5
LF:3
LH:3
BRDA:14,0,0,0
BRDA:14,0,1,5
BRF:2
BRH:1
end_of_record
TN:
SF:src\constants\defaults.ts
FNF:0
FNH:0
DA:3,3
LF:1
LH:1
BRF:0
BRH:0
end_of_record
TN:
SF:src\constants\theme.ts
FNF:0
FNH:0
DA:1,4
DA:28,4
DA:36,4
DA:45,4
DA:53,4
DA:63,4
LF:6
LH:6
BRF:0
BRH:0
end_of_record
TN:
SF:src\hooks\useTheme.ts
FN:6,useTheme
FN:10,(anonymous_1)
FNF:2
FNH:0
FNDA:0,useTheme
FNDA:0,(anonymous_1)
DA:7,0
DA:8,0
DA:10,0
DA:11,0
DA:12,0
DA:15,0
DA:16,0
LF:7
LH:0
BRDA:11,0,0,0
BRDA:11,0,1,0
BRDA:15,1,0,0
BRDA:15,1,1,0
BRF:4
BRH:0
end_of_record
TN:
SF:src\navigation\TabNavigator.tsx
FN:12,TabNavigator
FN:50,(anonymous_1)
FN:60,(anonymous_2)
FN:70,(anonymous_3)
FNF:4
FNH:0
FNDA:0,TabNavigator
FNDA:0,(anonymous_1)
FNDA:0,(anonymous_2)
FNDA:0,(anonymous_3)
DA:10,0
DA:13,0
DA:15,0
DA:51,0
DA:61,0
DA:71,0
LF:6
LH:0
BRF:0
BRH:0
end_of_record
TN:
SF:src\screens\BrowseScreen.tsx
FN:15,generateId
FN:19,BrowseScreen
FN:30,(anonymous_2)
FN:32,(anonymous_3)
FN:33,(anonymous_4)
FN:38,(anonymous_5)
FN:44,(anonymous_6)
FN:47,(anonymous_7)
FN:52,(anonymous_8)
FN:55,(anonymous_9)
FN:61,(anonymous_10)
FN:66,(anonymous_11)
FN:73,(anonymous_12)
FN:106,(anonymous_13)
FN:107,(anonymous_14)
FN:112,(anonymous_15)
FN:124,(anonymous_16)
FN:126,(anonymous_17)
FN:129,(anonymous_18)
FN:130,(anonymous_19)
FN:134,(anonymous_20)
FN:149,(anonymous_21)
FN:155,(anonymous_22)
FNF:23
FNH:0
FNDA:0,generateId
FNDA:0,BrowseScreen
FNDA:0,(anonymous_2)
FNDA:0,(anonymous_3)
FNDA:0,(anonymous_4)
FNDA:0,(anonymous_5)
FNDA:0,(anonymous_6)
FNDA:0,(anonymous_7)
FNDA:0,(anonymous_8)
FNDA:0,(anonymous_9)
FNDA:0,(anonymous_10)
FNDA:0,(anonymous_11)
FNDA:0,(anonymous_12)
FNDA:0,(anonymous_13)
FNDA:0,(anonymous_14)
FNDA:0,(anonymous_15)
FNDA:0,(anonymous_16)
FNDA:0,(anonymous_17)
FNDA:0,(anonymous_18)
FNDA:0,(anonymous_19)
FNDA:0,(anonymous_20)
FNDA:0,(anonymous_21)
FNDA:0,(anonymous_22)
DA:16,0
DA:20,0
DA:21,0
DA:22,0
DA:23,0
DA:25,0
DA:26,0
DA:27,0
DA:28,0
DA:30,0
DA:31,0
DA:32,0
DA:33,0
DA:35,0
DA:38,0
DA:39,0
DA:41,0
DA:42,0
DA:43,0
DA:45,0
DA:47,0
DA:51,0
DA:52,0
DA:55,0
DA:56,0
DA:57,0
DA:61,0
DA:62,0
DA:63,0
DA:66,0
DA:67,0
DA:68,0
DA:69,0
DA:70,0
DA:73,0
DA:74,0
DA:75,0
DA:76,0
DA:81,0
DA:88,0
DA:90,0
DA:91,0
DA:94,0
DA:96,0
DA:106,0
DA:108,0
DA:113,0
DA:124,0
DA:127,0
DA:129,0
DA:131,0
DA:132,0
DA:134,0
DA:149,0
DA:156,0
DA:157,0
LF:56
LH:0
BRDA:26,0,0,0
BRDA:26,0,1,0
BRDA:41,1,0,0
BRDA:41,1,1,0
BRDA:45,2,0,0
BRDA:45,2,1,0
BRDA:45,2,2,0
BRDA:51,3,0,0
BRDA:51,3,1,0
BRDA:56,4,0,0
BRDA:56,4,1,0
BRDA:56,5,0,0
BRDA:56,5,1,0
BRDA:75,6,0,0
BRDA:75,6,1,0
BRDA:94,7,0,0
BRDA:94,7,1,0
BRDA:111,8,0,0
BRDA:111,8,1,0
BRDA:114,9,0,0
BRDA:114,9,1,0
BRDA:139,10,0,0
BRDA:139,10,1,0
BRDA:141,11,0,0
BRDA:141,11,1,0
BRF:25
BRH:0
end_of_record
TN:
SF:src\screens\CategoriesScreen.tsx
FN:10,CategoriesScreen
FN:15,(anonymous_1)
FN:17,(anonymous_2)
FN:18,(anonymous_3)
FN:31,(anonymous_4)
FNF:5
FNH:0
FNDA:0,CategoriesScreen
FNDA:0,(anonymous_1)
FNDA:0,(anonymous_2)
FNDA:0,(anonymous_3)
FNDA:0,(anonymous_4)
DA:11,0
DA:12,0
DA:13,0
DA:15,0
DA:16,0
DA:17,0
DA:18,0
DA:20,0
DA:23,0
DA:32,0
LF:10
LH:0
BRDA:25,0,0,0
BRDA:25,0,1,0
BRF:2
BRH:0
end_of_record
TN:
SF:src\screens\SettingsScreen.tsx
FN:10,SettingsScreen
FN:16,(anonymous_1)
FN:18,(anonymous_2)
FN:22,(anonymous_3)
FN:40,(anonymous_4)
FN:65,(anonymous_5)
FNF:6
FNH:0
FNDA:0,SettingsScreen
FNDA:0,(anonymous_1)
FNDA:0,(anonymous_2)
FNDA:0,(anonymous_3)
FNDA:0,(anonymous_4)
FNDA:0,(anonymous_5)
DA:11,0
DA:12,0
DA:14,0
DA:15,0
DA:16,0
DA:18,0
DA:19,0
DA:22,0
DA:23,0
DA:24,0
DA:29,0
DA:30,0
DA:31,0
DA:36,0
DA:40,0
DA:41,0
DA:42,0
DA:45,0
DA:46,0
DA:47,0
DA:48,0
DA:49,0
DA:55,0
DA:57,0
DA:61,0
DA:65,0
DA:76,0
DA:99,0
LF:28
LH:0
BRDA:19,0,0,0
BRDA:19,0,1,0
BRDA:45,1,0,0
BRDA:45,1,1,0
BRDA:48,2,0,0
BRDA:48,2,1,0
BRDA:48,3,0,0
BRDA:48,3,1,0
BRDA:84,4,0,0
BRDA:84,4,1,0
BRDA:95,5,0,0
BRDA:95,5,1,0
BRF:12
BRH:0
end_of_record
TN:
SF:src\store\AppContext.tsx
FN:27,appReducer
FN:42,(anonymous_1)
FN:49,(anonymous_2)
FN:54,(anonymous_3)
FN:63,(anonymous_4)
FN:70,(anonymous_5)
FN:88,AppProvider
FN:92,(anonymous_7)
FN:93,(anonymous_8)
FN:113,(anonymous_9)
FN:120,(anonymous_10)
FN:121,(anonymous_11)
FN:124,(anonymous_12)
FN:131,(anonymous_13)
FN:144,useApp
FNF:15
FNH:14
FNDA:79,appReducer
FNDA:7,(anonymous_1)
FNDA:10,(anonymous_2)
FNDA:12,(anonymous_3)
FNDA:3,(anonymous_4)
FNDA:3,(anonymous_5)
FNDA:28,AppProvider
FNDA:9,(anonymous_7)
FNDA:9,(anonymous_8)
FNDA:27,(anonymous_9)
FNDA:2,(anonymous_10)
FNDA:0,(anonymous_11)
FNDA:18,(anonymous_12)
FNDA:19,(anonymous_13)
FNDA:30,useApp
DA:20,2
DA:28,79
DA:30,16
DA:38,16
DA:40,6
DA:43,7
DA:47,9
DA:49,10
DA:52,11
DA:55,12
DA:59,3
DA:61,3
DA:64,3
DA:68,3
DA:70,3
DA:73,3
DA:75,7
DA:77,2
DA:86,2
DA:89,28
DA:90,28
DA:92,28
DA:93,9
DA:94,9
DA:95,9
DA:96,9
DA:103,0
DA:113,28
DA:114,27
DA:116,18
DA:117,9
DA:120,18
DA:121,2
DA:124,18
DA:125,18
DA:126,18
DA:131,28
DA:132,19
DA:133,10
DA:137,28
DA:145,30
DA:146,30
DA:147,28
LF:43
LH:42
BRDA:28,0,0,16
BRDA:28,0,1,16
BRDA:28,0,2,6
BRDA:28,0,3,9
BRDA:28,0,4,11
BRDA:28,0,5,3
BRDA:28,0,6,3
BRDA:28,0,7,3
BRDA:28,0,8,3
BRDA:28,0,9,7
BRDA:28,0,10,2
BRDA:43,1,0,5
BRDA:43,1,1,2
BRDA:55,2,0,10
BRDA:55,2,1,2
BRDA:64,3,0,2
BRDA:64,3,1,1
BRDA:95,4,0,9
BRDA:95,4,1,0
BRDA:114,5,0,9
BRDA:114,5,1,18
BRDA:116,6,0,9
BRDA:116,6,1,9
BRDA:125,7,0,18
BRDA:125,7,1,0
BRDA:132,8,0,10
BRDA:132,8,1,9
BRDA:146,9,0,2
BRDA:146,9,1,28
BRF:29
BRH:27
end_of_record
TN:
SF:src\store\storage.ts
FN:8,saveData
FN:20,isValidThemeMode
FN:24,safeParse
FN:33,loadData
FN:55,saveThemeMode
FNF:5
FNH:5
FNDA:8,saveData
FNDA:23,isValidThemeMode
FNDA:46,safeParse
FNDA:24,loadData
FNDA:16,saveThemeMode
DA:4,3
DA:5,3
DA:6,3
DA:12,8
DA:13,8
DA:14,6
DA:16,3
DA:21,23
DA:25,46
DA:26,23
DA:27,23
DA:29,3
DA:38,24
DA:39,24
DA:45,23
DA:51,1
DA:56,16
DA:57,16
LF:18
LH:18
BRDA:21,0,0,23
BRDA:21,0,1,20
BRDA:21,0,2,18
BRDA:25,1,0,23
BRDA:25,1,1,23
BRDA:48,2,0,9
BRDA:48,2,1,14
BRF:7
BRH:7
end_of_record
